<?xml version="1.0" encoding="UTF-8"?>
<!-- Generated by org.testng.reporters.JUnitXMLReporter -->
<testsuite hostname="LAPTOP-8FVHUTHF" name="ValidationTest" tests="1" failures="0" timestamp="25 Dec 2019 01:26:56 GMT" time="0.023" errors="0">
  <testcase name="@BeforeTest initilize" time="0.0" classname="Academy1.validation_homepage">
    <failure type="java.io.FileNotFoundException" message="C:\Users\keyursojitra\wholeproject\src\main\java\browserdeclaration\base (The system cannot find the path specified)">
      <![CDATA[java.io.FileNotFoundException: C:\Users\keyursojitra\wholeproject\src\main\java\browserdeclaration\base (The system cannot find the path specified)
	at java.io.FileInputStream.open0(Native Method)
	at java.io.FileInputStream.open(FileInputStream.java:195)
	at java.io.FileInputStream.<init>(FileInputStream.java:138)
	at java.io.FileInputStream.<init>(FileInputStream.java:93)
	at Resources.baseinformation.initializeDriver(baseinformation.java:23)
	at Academy1.validation_homepage.initilize(validation_homepage.java:26)
... Removed 22 stack frames]]>
    </failure>
  </testcase> <!-- @BeforeTest initilize -->
  <testcase name="@AfterTest tearsdown" time="0.0" classname="Academy1.validation_homepage">
    <skipped/>
  </testcase> <!-- @AfterTest tearsdown -->
  <testcase name="PageNavigation" time="0.008" classname="Academy1.validation_homepage">
    <skipped/>
  </testcase> <!-- PageNavigation -->
</testsuite> <!-- ValidationTest -->
