<?xml version="1.0" encoding="UTF-8"?>
<testng-results skipped="3" failed="0" total="4" passed="1">
  <reporter-output>
  </reporter-output>
  <suite name="Suite" duration-ms="332" started-at="2019-12-25T01:26:55Z" finished-at="2019-12-25T01:26:56Z">
    <groups>
    </groups>
    <test name="HomePageTest" duration-ms="111" started-at="2019-12-25T01:26:55Z" finished-at="2019-12-25T01:26:55Z">
      <class name="Academy1.homepage">
        <test-method status="FAIL" signature="initilize()[pri:0, instance:Academy1.homepage@20f5239f]" name="initilize" is-config="true" duration-ms="0" started-at="2019-12-24T17:26:55Z" finished-at="2019-12-24T17:26:55Z">
          <exception class="java.io.FileNotFoundException">
            <message>
              <![CDATA[C:\Users\keyursojitra\wholeproject\src\main\java\browserdeclaration\base (The system cannot find the path specified)]]>
            </message>
            <full-stacktrace>
              <![CDATA[java.io.FileNotFoundException: C:\Users\keyursojitra\wholeproject\src\main\java\browserdeclaration\base (The system cannot find the path specified)
	at java.io.FileInputStream.open0(Native Method)
	at java.io.FileInputStream.open(FileInputStream.java:195)
	at java.io.FileInputStream.<init>(FileInputStream.java:138)
	at java.io.FileInputStream.<init>(FileInputStream.java:93)
	at Resources.baseinformation.initializeDriver(baseinformation.java:23)
	at Academy1.homepage.initilize(homepage.java:24)
	at sun.reflect.NativeMethodAccessorImpl.invoke0(Native Method)
	at sun.reflect.NativeMethodAccessorImpl.invoke(NativeMethodAccessorImpl.java:62)
	at sun.reflect.DelegatingMethodAccessorImpl.invoke(DelegatingMethodAccessorImpl.java:43)
	at java.lang.reflect.Method.invoke(Method.java:498)
	at org.testng.internal.MethodInvocationHelper.invokeMethod(MethodInvocationHelper.java:80)
	at org.testng.internal.Invoker.invokeConfigurationMethod(Invoker.java:564)
	at org.testng.internal.Invoker.invokeConfigurations(Invoker.java:213)
	at org.testng.internal.Invoker.invokeConfigurations(Invoker.java:138)
	at org.testng.TestRunner.beforeRun(TestRunner.java:641)
	at org.testng.TestRunner.run(TestRunner.java:609)
	at org.testng.SuiteRunner.runTest(SuiteRunner.java:334)
	at org.testng.SuiteRunner.runSequentially(SuiteRunner.java:329)
	at org.testng.SuiteRunner.privateRun(SuiteRunner.java:291)
	at org.testng.SuiteRunner.run(SuiteRunner.java:240)
	at org.testng.SuiteRunnerWorker.runSuite(SuiteRunnerWorker.java:52)
	at org.testng.SuiteRunnerWorker.run(SuiteRunnerWorker.java:86)
	at org.testng.TestNG.runSuitesSequentially(TestNG.java:1198)
	at org.testng.TestNG.runSuitesLocally(TestNG.java:1123)
	at org.testng.TestNG.run(TestNG.java:1031)
	at org.testng.remote.AbstractRemoteTestNG.run(AbstractRemoteTestNG.java:115)
	at org.testng.remote.RemoteTestNG.initAndRun(RemoteTestNG.java:251)
	at org.testng.remote.RemoteTestNG.main(RemoteTestNG.java:77)
]]>
            </full-stacktrace>
          </exception> <!-- java.io.FileNotFoundException -->
          <reporter-output>
          </reporter-output>
        </test-method> <!-- initilize -->
        <test-method status="SKIP" signature="PageNavigation(java.lang.String, java.lang.String)[pri:0, instance:Academy1.homepage@20f5239f]" name="PageNavigation" duration-ms="5" started-at="2019-12-24T17:26:55Z" data-provider="getdata" finished-at="2019-12-24T17:26:55Z">
          <params>
            <param index="0">
              <value>
                <![CDATA[dobariya.aarti@gmail.com]]>
              </value>
            </param>
            <param index="1">
              <value>
                <![CDATA[123456]]>
              </value>
            </param>
          </params>
          <reporter-output>
          </reporter-output>
        </test-method> <!-- PageNavigation -->
        <test-method status="SKIP" signature="PageNavigation(java.lang.String, java.lang.String)[pri:0, instance:Academy1.homepage@20f5239f]" name="PageNavigation" duration-ms="3" started-at="2019-12-24T17:26:55Z" data-provider="getdata" finished-at="2019-12-24T17:26:55Z">
          <params>
            <param index="0">
              <value>
                <![CDATA[aarti.keyur.sojitra@gmail.com]]>
              </value>
            </param>
            <param index="1">
              <value>
                <![CDATA[789456]]>
              </value>
            </param>
          </params>
          <reporter-output>
          </reporter-output>
        </test-method> <!-- PageNavigation -->
        <test-method status="SKIP" signature="tearsdown()[pri:0, instance:Academy1.homepage@20f5239f]" name="tearsdown" is-config="true" duration-ms="0" started-at="2019-12-24T17:26:55Z" finished-at="2019-12-24T17:26:55Z">
          <reporter-output>
          </reporter-output>
        </test-method> <!-- tearsdown -->
      </class> <!-- Academy1.homepage -->
    </test> <!-- HomePageTest -->
    <test name="Apptest" duration-ms="10" started-at="2019-12-25T01:26:56Z" finished-at="2019-12-25T01:26:56Z">
      <class name="Academy1.AppTest">
        <test-method status="PASS" signature="testApp()[pri:0, instance:Academy1.AppTest@5403f35f]" name="testApp" duration-ms="6" started-at="2019-12-24T17:26:56Z" finished-at="2019-12-24T17:26:56Z">
          <reporter-output>
          </reporter-output>
        </test-method> <!-- testApp -->
      </class> <!-- Academy1.AppTest -->
    </test> <!-- Apptest -->
    <test name="ValidationTest" duration-ms="23" started-at="2019-12-25T01:26:56Z" finished-at="2019-12-25T01:26:56Z">
      <class name="Academy1.validation_homepage">
        <test-method status="FAIL" signature="initilize()[pri:0, instance:Academy1.validation_homepage@57d7f8ca]" name="initilize" is-config="true" duration-ms="0" started-at="2019-12-24T17:26:56Z" finished-at="2019-12-24T17:26:56Z">
          <exception class="java.io.FileNotFoundException">
            <message>
              <![CDATA[C:\Users\keyursojitra\wholeproject\src\main\java\browserdeclaration\base (The system cannot find the path specified)]]>
            </message>
            <full-stacktrace>
              <![CDATA[java.io.FileNotFoundException: C:\Users\keyursojitra\wholeproject\src\main\java\browserdeclaration\base (The system cannot find the path specified)
	at java.io.FileInputStream.open0(Native Method)
	at java.io.FileInputStream.open(FileInputStream.java:195)
	at java.io.FileInputStream.<init>(FileInputStream.java:138)
	at java.io.FileInputStream.<init>(FileInputStream.java:93)
	at Resources.baseinformation.initializeDriver(baseinformation.java:23)
	at Academy1.validation_homepage.initilize(validation_homepage.java:26)
	at sun.reflect.NativeMethodAccessorImpl.invoke0(Native Method)
	at sun.reflect.NativeMethodAccessorImpl.invoke(NativeMethodAccessorImpl.java:62)
	at sun.reflect.DelegatingMethodAccessorImpl.invoke(DelegatingMethodAccessorImpl.java:43)
	at java.lang.reflect.Method.invoke(Method.java:498)
	at org.testng.internal.MethodInvocationHelper.invokeMethod(MethodInvocationHelper.java:80)
	at org.testng.internal.Invoker.invokeConfigurationMethod(Invoker.java:564)
	at org.testng.internal.Invoker.invokeConfigurations(Invoker.java:213)
	at org.testng.internal.Invoker.invokeConfigurations(Invoker.java:138)
	at org.testng.TestRunner.beforeRun(TestRunner.java:641)
	at org.testng.TestRunner.run(TestRunner.java:609)
	at org.testng.SuiteRunner.runTest(SuiteRunner.java:334)
	at org.testng.SuiteRunner.runSequentially(SuiteRunner.java:329)
	at org.testng.SuiteRunner.privateRun(SuiteRunner.java:291)
	at org.testng.SuiteRunner.run(SuiteRunner.java:240)
	at org.testng.SuiteRunnerWorker.runSuite(SuiteRunnerWorker.java:52)
	at org.testng.SuiteRunnerWorker.run(SuiteRunnerWorker.java:86)
	at org.testng.TestNG.runSuitesSequentially(TestNG.java:1198)
	at org.testng.TestNG.runSuitesLocally(TestNG.java:1123)
	at org.testng.TestNG.run(TestNG.java:1031)
	at org.testng.remote.AbstractRemoteTestNG.run(AbstractRemoteTestNG.java:115)
	at org.testng.remote.RemoteTestNG.initAndRun(RemoteTestNG.java:251)
	at org.testng.remote.RemoteTestNG.main(RemoteTestNG.java:77)
]]>
            </full-stacktrace>
          </exception> <!-- java.io.FileNotFoundException -->
          <reporter-output>
          </reporter-output>
        </test-method> <!-- initilize -->
        <test-method status="SKIP" signature="PageNavigation()[pri:0, instance:Academy1.validation_homepage@57d7f8ca]" name="PageNavigation" duration-ms="8" started-at="2019-12-24T17:26:56Z" finished-at="2019-12-24T17:26:56Z">
          <reporter-output>
          </reporter-output>
        </test-method> <!-- PageNavigation -->
        <test-method status="SKIP" signature="tearsdown()[pri:0, instance:Academy1.validation_homepage@57d7f8ca]" name="tearsdown" is-config="true" duration-ms="0" started-at="2019-12-24T17:26:56Z" finished-at="2019-12-24T17:26:56Z">
          <reporter-output>
          </reporter-output>
        </test-method> <!-- tearsdown -->
      </class> <!-- Academy1.validation_homepage -->
    </test> <!-- ValidationTest -->
  </suite> <!-- Suite -->
</testng-results>
